[website52734.nicepage.io/Page-31e02.html]
[backblue.gif]
[fade.gif]
[index.html]
[website52734.nicepage.io/nicepage5e65.css]
[capp.nicepage.com/assets/jquery-1.9.1.min.js]
[website52734.nicepage.io/Page-3.html]
[capp.nicepage.com/5dc798a315b527fd224af8ac680c0dae21908517/images/default-logo.png]
[website52734.nicepage.io/Page-1.html]
[website52734.nicepage.io/Page-2.html]
[capp.nicepage.com/bf9e5d79eaa97fca3ee6e327e15ddf41a5846b46/nicepage.js]
[images03.nicepage.com/c461c07a441a5d220e8feb1a/45250ed076295c36bae1dbdd/Untitled1min.jpg]
[images03.nicepage.com/c461c07a441a5d220e8feb1a/881b892c347e5dfe8559c5c5/Untitled2.jpg]
[images03.nicepage.com/c461c07a441a5d220e8feb1a/11a9f0148d0750fd8104ec35/cd.jpg]
[images03.nicepage.com/c461c07a441a5d220e8feb1a/4f39f3432567548a955518f1/photo1557166357b2838299bbff.jpg]
[website52734.nicepage.io/Page-31e02.html]
[website52734.nicepage.io/nicepage5e65.css]
[website52734.nicepage.io/Page-3.html]
[images03.nicepage.com/c461c07a441a5d220e8feb1a/e0e8ff9727ae52bfa1b7564d/photo1523626752472b55a628f1acc.jpg]
[website52734.nicepage.io/Page-1.html]
[images03.nicepage.com/c461c07a441a5d220e8feb1a/de8cdee123c95e0e89fa4b2e/sdf.jpg]
[capp.nicepage.com/5dc798a315b527fd224af8ac680c0dae21908517/nicepage.js]
[website52734.nicepage.io/Page-2.html]
